::1 - - [12/May/2021:20:58:27 +0000] "GET /api/v1/actors HTTP/1.1" 500 61 "-" "PostmanRuntime/7.28.0"
::1 - - [12/May/2021:21:12:57 +0000] "GET /api/v1/actors HTTP/1.1" 500 61 "-" "PostmanRuntime/7.28.0"
::1 - - [12/May/2021:21:12:58 +0000] "GET /api/v1/actors HTTP/1.1" 500 61 "-" "PostmanRuntime/7.28.0"
::1 - - [12/May/2021:21:12:59 +0000] "GET /api/v1/actors HTTP/1.1" 500 61 "-" "PostmanRuntime/7.28.0"
::1 - - [12/May/2021:21:12:59 +0000] "GET /api/v1/actors HTTP/1.1" 500 61 "-" "PostmanRuntime/7.28.0"
::1 - - [12/May/2021:21:13:00 +0000] "GET /api/v1/actors HTTP/1.1" 500 61 "-" "PostmanRuntime/7.28.0"
::1 - - [12/May/2021:21:54:47 +0000] "POST /api/v1/actors HTTP/1.1" 404 153 "-" "PostmanRuntime/7.28.0"
::1 - - [12/May/2021:23:03:27 +0000] "GET /api/v1/directors HTTP/1.1" 404 155 "-" "PostmanRuntime/7.28.0"
::1 - - [13/May/2021:15:36:06 +0000] "PUT /api/v1/users3 HTTP/1.1" 404 152 "-" "PostmanRuntime/7.28.0"
::1 - - [13/May/2021:19:31:45 +0000] "GET /api/v1/login HTTP/1.1" 404 151 "-" "PostmanRuntime/7.28.0"
::1 - - [13/May/2021:19:31:58 +0000] "GET /api/v1/login HTTP/1.1" 404 151 "-" "PostmanRuntime/7.28.0"
::1 - - [13/May/2021:19:33:20 +0000] "GET /api/v1/login HTTP/1.1" 404 151 "-" "PostmanRuntime/7.28.0"
::1 - - [13/May/2021:22:22:44 +0000] "GET /accounts HTTP/1.1" 404 147 "-" "Mozilla/5.0 (Windows NT 10.0; Win64; x64) AppleWebKit/537.36 (KHTML, like Gecko) Chrome/90.0.4430.212 Safari/537.36"
::1 - - [13/May/2021:22:24:32 +0000] "GET /actors HTTP/1.1" 404 145 "http://localhost:3000/api-docs/" "Mozilla/5.0 (Windows NT 10.0; Win64; x64) AppleWebKit/537.36 (KHTML, like Gecko) Chrome/90.0.4430.212 Safari/537.36"
::1 - - [14/May/2021:18:24:48 +0000] "POST /api/v1/actors/3/profile HTTP/1.1" 404 163 "-" "PostmanRuntime/7.28.0"
::1 - - [15/May/2021:03:10:59 +0000] "POST /clients/api/v1/nodemailer HTTP/1.1" 404 165 "-" "PostmanRuntime/7.28.0"
::1 - - [15/May/2021:17:22:16 +0000] "GET /api/v1/verify/$2a$10$P3Mw.Gju5Z5UfRNQduz8Q.gyZzxbvKWYTXs5xWVuSLthpRxa2ai3O HTTP/1.1" 404 213 "-" "Mozilla/5.0 (Windows NT 10.0; Win64; x64) AppleWebKit/537.36 (KHTML, like Gecko) Chrome/90.0.4430.212 Safari/537.36"
::1 - - [15/May/2021:17:29:18 +0000] "GET /api/v1/verify/sdvgfascfascadsadfzas HTTP/1.1" 404 174 "-" "PostmanRuntime/7.28.0"
::1 - - [15/May/2021:18:17:59 +0000] "GET /favicon.ico HTTP/1.1" 404 150 "-" "Mozilla/5.0 (Windows NT 10.0; Win64; x64) AppleWebKit/537.36 (KHTML, like Gecko) Chrome/90.0.4430.212 Safari/537.36"
::1 - - [15/May/2021:18:19:54 +0000] "GET /api/v1/verify/$2a$10$K3qff8FE8n.wCcc6Av.Oyunlws3x/WEnyolm8R56zB44RAQg9ZkOG HTTP/1.1" 404 213 "-" "Mozilla/5.0 (Windows NT 10.0; Win64; x64) AppleWebKit/537.36 (KHTML, like Gecko) Chrome/90.0.4430.212 Safari/537.36"
::1 - - [15/May/2021:18:20:56 +0000] "GET /api/v1/verify/$2a$10$K3qff8FE8n.wCcc6Av.Oyunlws3x/WEnyolm8R56zB44RAQg9ZkOG HTTP/1.1" 404 213 "-" "Mozilla/5.0 (Windows NT 10.0; Win64; x64) AppleWebKit/537.36 (KHTML, like Gecko) Chrome/90.0.4430.212 Safari/537.36"
::1 - - [15/May/2021:18:21:57 +0000] "GET /api/v1/verify/$2a$10$4zjjSESIqDlNDvCSP4/HXOTPtuhmtWlY9eg.SQqvuxfmRevycxT.e HTTP/1.1" 404 213 "-" "Mozilla/5.0 (Windows NT 10.0; Win64; x64) AppleWebKit/537.36 (KHTML, like Gecko) Chrome/90.0.4430.212 Safari/537.36"
::1 - - [15/May/2021:18:27:16 +0000] "GET /api/v1/verify/$2a$10$6KWVxdREdl1nAGB9e0wLfeKq.8O17J/M1pJ0IBMTObxyXP2ID1nxO HTTP/1.1" 404 213 "-" "Mozilla/5.0 (Windows NT 10.0; Win64; x64) AppleWebKit/537.36 (KHTML, like Gecko) Chrome/90.0.4430.212 Safari/537.36"
::1 - - [15/May/2021:18:27:57 +0000] "GET /api/v1/verify/$2a$10$6KWVxdREdl1nAGB9e0wLfeKq.8O17J/M1pJ0IBMTObxyXP2ID1nxO HTTP/1.1" 404 213 "-" "Mozilla/5.0 (Windows NT 10.0; Win64; x64) AppleWebKit/537.36 (KHTML, like Gecko) Chrome/90.0.4430.212 Safari/537.36"
::1 - - [15/May/2021:18:29:10 +0000] "GET /api/v1/verify/$2a$10$6KWVxdREdl1nAGB9e0wLfeKq.8O17J/M1pJ0IBMTObxyXP2ID1nxO HTTP/1.1" 404 213 "-" "Mozilla/5.0 (Windows NT 10.0; Win64; x64) AppleWebKit/537.36 (KHTML, like Gecko) Chrome/90.0.4430.212 Safari/537.36"
::1 - - [15/May/2021:18:30:49 +0000] "GET /api/v1/verify/$2a$10$GNmychCncLq/GmbNIPG0n.vWkOiTTjek0lA0zsrcNEb25oA/6Zr9i HTTP/1.1" 404 213 "-" "Mozilla/5.0 (Windows NT 10.0; Win64; x64) AppleWebKit/537.36 (KHTML, like Gecko) Chrome/90.0.4430.212 Safari/537.36"
::1 - - [15/May/2021:18:39:33 +0000] "GET /api/v1/verify/$2a$10$Cp/dDkYKSp9rSq2JitvDA.3h0yXjVnCrw60Nt9otqx.bXB6XC1yfy HTTP/1.1" 404 213 "-" "Mozilla/5.0 (Windows NT 10.0; Win64; x64) AppleWebKit/537.36 (KHTML, like Gecko) Chrome/90.0.4430.212 Safari/537.36"
::1 - - [15/May/2021:18:40:16 +0000] "GET /api/v1/verify/$2a$10$Cp/dDkYKSp9rSq2JitvDA.3h0yXjVnCrw60Nt9otqx.bXB6XC1yfy HTTP/1.1" 404 213 "-" "Mozilla/5.0 (Windows NT 10.0; Win64; x64) AppleWebKit/537.36 (KHTML, like Gecko) Chrome/90.0.4430.212 Safari/537.36"
::1 - - [15/May/2021:18:43:59 +0000] "GET /api/v1/verify/$2a$10$jmxi3UELKaln5fx5IKk83OLS6voufBpkNCYJBVPeMkIXBh2gf7f/O HTTP/1.1" 404 213 "-" "Mozilla/5.0 (Windows NT 10.0; Win64; x64) AppleWebKit/537.36 (KHTML, like Gecko) Chrome/90.0.4430.212 Safari/537.36"
::1 - - [15/May/2021:18:44:23 +0000] "GET /api/v1/verify/$2a$10$jmxi3UELKaln5fx5IKk83OLS6voufBpkNCYJBVPeMkIXBh2gf7f/O HTTP/1.1" 404 213 "-" "Mozilla/5.0 (Windows NT 10.0; Win64; x64) AppleWebKit/537.36 (KHTML, like Gecko) Chrome/90.0.4430.212 Safari/537.36"
::1 - - [15/May/2021:18:45:54 +0000] "GET /api/v1/verify/$2a$10$jmxi3UELKaln5fx5IKk83OLS6voufBpkNCYJBVPeMkIXBh2gf7f/O HTTP/1.1" 404 213 "-" "Mozilla/5.0 (Windows NT 10.0; Win64; x64) AppleWebKit/537.36 (KHTML, like Gecko) Chrome/90.0.4430.212 Safari/537.36"
::1 - - [15/May/2021:18:48:21 +0000] "GET /api/v1/verify/$2a$10$AibZlVU20x7za.RYJfSXdOM/FFLl2Hnl0vqAxToDQzRebIXqGWh.m HTTP/1.1" 404 213 "-" "Mozilla/5.0 (Windows NT 10.0; Win64; x64) AppleWebKit/537.36 (KHTML, like Gecko) Chrome/90.0.4430.212 Safari/537.36"
::1 - - [15/May/2021:18:50:19 +0000] "GET /api/v1/verify/$2a$10$fsKBwxpKeNHVyOTWWaWuOOveJfICkeOc6XyLIASu/rbZUPriTlruO HTTP/1.1" 404 213 "-" "Mozilla/5.0 (Windows NT 10.0; Win64; x64) AppleWebKit/537.36 (KHTML, like Gecko) Chrome/90.0.4430.212 Safari/537.36"
::1 - - [15/May/2021:18:51:41 +0000] "GET /api/v1/verify/$2a$10$Z4jj/OxvMGCopx9O6cqFZuEdedarF8Ie0ekCqc2vXG5L5tkAScOqK HTTP/1.1" 404 213 "-" "Mozilla/5.0 (Windows NT 10.0; Win64; x64) AppleWebKit/537.36 (KHTML, like Gecko) Chrome/90.0.4430.212 Safari/537.36"
::1 - - [16/May/2021:00:23:40 +0000] "GET /favicon.ico HTTP/1.1" 404 150 "-" "Mozilla/5.0 (Windows NT 10.0; Win64; x64) AppleWebKit/537.36 (KHTML, like Gecko) Chrome/90.0.4430.212 Safari/537.36"
::1 - - [16/May/2021:19:48:17 +0000] "GET /actors HTTP/1.1" 404 145 "-" "Mozilla/5.0 (Windows NT 10.0; Win64; x64) AppleWebKit/537.36 (KHTML, like Gecko) Chrome/90.0.4430.212 Safari/537.36"
::1 - - [16/May/2021:19:48:31 +0000] "GET /favicon.ico HTTP/1.1" 404 150 "-" "Mozilla/5.0 (Windows NT 10.0; Win64; x64) AppleWebKit/537.36 (KHTML, like Gecko) Chrome/90.0.4430.212 Safari/537.36"
::1 - - [17/May/2021:14:05:01 +0000] "GET /api/v1/ HTTP/1.1" 404 146 "-" "PostmanRuntime/7.28.0"
